this is a info msg
this is a warning msg
this is a error msg
this is a critical msg1
this is a critical msg2
this is a info msg
this is a warning msg
this is a error msg
this is a critical msg1
this is a critical msg2
%(asctime)s-%(levelname)s-%(filename)s-%(name)s-日志信息:%(message)s
%(asctime)s-%(levelname)s-%(filename)s-%(name)s-日志信息:%(message)s
%(asctime)s-%(levelname)s-%(filename)s-%(name)s-日志信息:%(message)s
2019-03-19 21:52:09,677-ERROR-learn_log.py-py15-日志信息:this is a error msg
2019-03-19 21:52:09,678-CRITICAL-learn_log.py-py15-日志信息:this is a critical msg1
2019-03-19 21:52:09,678-CRITICAL-learn_log.py-py15-日志信息:this is a critical msg2
2019-03-19 21:52:46,819-ERROR-learn_log.py-py15-ュ淇℃:this is a error msg
2019-03-19 21:52:46,874-CRITICAL-learn_log.py-py15-ュ淇℃:this is a critical msg1
2019-03-19 21:52:46,874-CRITICAL-learn_log.py-py15-ュ淇℃:this is a critical msg2
2019-03-19 21:54:53,457-ERROR-ュ淇℃:this is a error msg
2019-03-19 21:54:53,457-CRITICAL-ュ淇℃:this is a critical msg1
2019-03-19 21:54:53,457-CRITICAL-ュ淇℃:this is a critical msg2
2019-03-19 21:55:15,133-learn_log.pyERROR-ュ淇℃:this is a error msg
2019-03-19 21:55:15,135-learn_log.pyCRITICAL-ュ淇℃:this is a critical msg1
2019-03-19 21:55:15,135-learn_log.pyCRITICAL-ュ淇℃:this is a critical msg2
2019-03-19 21:55:27,780-learn_log.pyERROR-ュ淇℃:this is a error msg
2019-03-19 21:55:27,781-learn_log.pyCRITICAL-ュ淇℃:this is a critical msg1
2019-03-19 21:55:27,781-learn_log.pyCRITICAL-ュ淇℃:this is a critical msg2
2019-03-19 21:55:40,701-learn_log.py-ERROR-ュ淇℃:this is a error msg
2019-03-19 21:55:40,701-learn_log.py-CRITICAL-ュ淇℃:this is a critical msg1
2019-03-19 21:55:40,701-learn_log.py-CRITICAL-ュ淇℃:this is a critical msg2
